Unity Editor version:    2020.3.24f1 (79c78de19888)
Branch:                  2020.3/staging
Build type:              Release
Batch mode:              YES
macOS version:           Version 10.15.7 (Build 19H1217)
Darwin version:          19.6.0
Architecture:            x86_64
Running under Rosetta:   NO
Available memory:        16384 MB
Using pre-set license
Pro License: NO

COMMAND LINE ARGUMENTS:
/Applications/Unity/Hub/Editor/2020.3.24f1/Unity.app/Contents/MacOS/Unity
-adb2
-batchMode
-noUpm
-name
AssetImportWorker0
-projectPath
/Users/rankin/Documents/GitHub/NumberCruncher
-logFile
Logs/AssetImportWorker0.log
-srvPort
52166
Successfully changed project path to: /Users/rankin/Documents/GitHub/NumberCruncher
/Users/rankin/Documents/GitHub/NumberCruncher
Using Asset Import Pipeline V2.
Refreshing native plugins compatible for Editor in 67.80 ms, found 3 plugins.
Preloading 0 native plugins for Editor in 0.00 ms.
Initialize engine version: 2020.3.24f1 (79c78de19888)
[Subsystems] Discovering subsystems at path /Applications/Unity/Hub/Editor/2020.3.24f1/Unity.app/Contents/Resources/UnitySubsystems
[Subsystems] Discovering subsystems at path /Users/rankin/Documents/GitHub/NumberCruncher/Assets
GfxDevice: creating device client; threaded=0
2021-12-03 11:30:06.244 Unity[54741:4854149] Color LCD preferred device: AMD Radeon Pro 555X (high power)
2021-12-03 11:30:06.244 Unity[54741:4854149] Metal devices available: 2
2021-12-03 11:30:06.244 Unity[54741:4854149] 0: AMD Radeon Pro 555X (high power)
2021-12-03 11:30:06.244 Unity[54741:4854149] 1: Intel(R) UHD Graphics 630 (low power)
2021-12-03 11:30:06.244 Unity[54741:4854149] Using device AMD Radeon Pro 555X (high power)
Initializing Metal device caps: AMD Radeon Pro 555X
Initialize mono
Mono path[0] = '/Applications/Unity/Hub/Editor/2020.3.24f1/Unity.app/Contents/Managed'
Mono path[1] = '/Applications/Unity/Hub/Editor/2020.3.24f1/Unity.app/Contents/MonoBleedingEdge/lib/mono/unityjit'
Mono config path = '/Applications/Unity/Hub/Editor/2020.3.24f1/Unity.app/Contents/MonoBleedingEdge/etc'
Using monoOptions --debugger-agent=transport=dt_socket,embedding=1,server=y,suspend=n,address=127.0.0.1:56741
Begin MonoManager ReloadAssembly
Registering precompiled unity dll's ...
Register platform support module: /Applications/Unity/Hub/Editor/2020.3.24f1/Unity.app/Contents/PlaybackEngines/MacStandaloneSupport/UnityEditor.OSXStandalone.Extensions.dll
Registered in 0.009464 seconds.
Native extension for OSXStandalone target not found
Refreshing native plugins compatible for Editor in 44.11 ms, found 3 plugins.
Preloading 0 native plugins for Editor in 0.00 ms.
Mono: successfully reloaded assembly
- Completed reload, in  0.811 seconds
Domain Reload Profiling:
	ReloadAssembly (811ms)
		BeginReloadAssembly (53ms)
			ExecutionOrderSort (0ms)
			DisableScriptedObjects (0ms)
			BackupInstance (0ms)
			ReleaseScriptingObjects (0ms)
			CreateAndSetChildDomain (1ms)
		EndReloadAssembly (626ms)
			LoadAssemblies (53ms)
			RebuildTransferFunctionScriptingTraits (0ms)
			SetupTypeCache (266ms)
			ReleaseScriptCaches (0ms)
			RebuildScriptCaches (42ms)
			SetupLoadedEditorAssemblies (208ms)
				LogAssemblyErrors (0ms)
				InitializePlatformSupportModulesInManaged (5ms)
				SetLoadedEditorAssemblies (0ms)
				RefreshPlugins (44ms)
				BeforeProcessingInitializeOnLoad (10ms)
				ProcessInitializeOnLoadAttributes (115ms)
				ProcessInitializeOnLoadMethodAttributes (33ms)
				AfterProcessingInitializeOnLoad (0ms)
				EditorAssembliesLoaded (0ms)
			ExecutionOrderSort2 (0ms)
			AwakeInstancesAfterBackupRestoration (0ms)
Platform modules already initialized, skipping
Registering precompiled user dll's ...
Registered in 0.010738 seconds.
Begin MonoManager ReloadAssembly
Native extension for OSXStandalone target not found
Refreshing native plugins compatible for Editor in 49.57 ms, found 3 plugins.
Preloading 0 native plugins for Editor in 0.00 ms.
Mono: successfully reloaded assembly
- Completed reload, in  1.613 seconds
Domain Reload Profiling:
	ReloadAssembly (1615ms)
		BeginReloadAssembly (208ms)
			ExecutionOrderSort (0ms)
			DisableScriptedObjects (5ms)
			BackupInstance (0ms)
			ReleaseScriptingObjects (0ms)
			CreateAndSetChildDomain (41ms)
		EndReloadAssembly (1316ms)
			LoadAssemblies (147ms)
			RebuildTransferFunctionScriptingTraits (0ms)
			SetupTypeCache (530ms)
			ReleaseScriptCaches (0ms)
			RebuildScriptCaches (75ms)
			SetupLoadedEditorAssemblies (415ms)
				LogAssemblyErrors (0ms)
				InitializePlatformSupportModulesInManaged (4ms)
				SetLoadedEditorAssemblies (0ms)
				RefreshPlugins (50ms)
				BeforeProcessingInitializeOnLoad (76ms)
				ProcessInitializeOnLoadAttributes (259ms)
				ProcessInitializeOnLoadMethodAttributes (24ms)
				AfterProcessingInitializeOnLoad (2ms)
				EditorAssembliesLoaded (0ms)
			ExecutionOrderSort2 (0ms)
			AwakeInstancesAfterBackupRestoration (9ms)
Platform modules already initialized, skipping
Validating Project structure ... 0.002389 seconds.
Shader import version has changed; will reimport all shaders...
Upgrading shader files ...0.015752 seconds.
Application.AssetDatabase Initial Script Refresh Start
RefreshInfo: InitialScriptRefreshV2(NoUpdateAssetOptions) scanfilter:  ... 1 filters
RefreshProfiler: Total: 0.000ms
Application.AssetDatabase Initial Script Refresh End
Application.AssetDatabase.Refresh Start
Application.AssetDatabase.Refresh End
RefreshInfo: StopAssetImportingV2(ForceSynchronousImport) scanfilter: 
RefreshProfiler: Total: 0.000ms
Launching external process: /Applications/Unity/Hub/Editor/2020.3.24f1/Unity.app/Contents/Tools/UnityShaderCompiler
Launched and connected shader compiler UnityShaderCompiler after 0.02 seconds
Initializing Unity extensions:
========================================================================
Worker process is ready to serve import requests
Refreshing native plugins compatible for Editor in 0.49 ms, found 3 plugins.
Preloading 0 native plugins for Editor in 0.00 ms.
Unloading 2217 Unused Serialized files (Serialized files now loaded: 0)
System memory in use before: 196.6 MB.
System memory in use after: 195.9 MB.

Unloading 110 unused Assets to reduce memory usage. Loaded Objects now: 2689.
Total: 4.089216 ms (FindLiveObjects: 0.250137 ms CreateObjectMapping: 0.111030 ms MarkObjects: 3.147562 ms  DeleteObjects: 0.579516 ms)

AssetImportParameters requested are different than current active one (requested -> active):
  custom:video-decoder-ogg-theora: a1e56fd34408186e4bbccfd4996cb3dc -> 
  custom:container-muxer-webm: aa71ff27fc2769a1b78a27578f13a17b -> 
  custom:container-demuxer-webm: 4f35f7cbe854078d1ac9338744f61a02 -> 
  custom:container-demuxer-ogg: 62fdf1f143b41e24485cea50d1cbac27 -> 
  custom:video-encoder-webm-vp8: eb34c28f22e8b96e1ab97ce403110664 -> 
  custom:framework-osx-AVFoundation: b23960f63f64bdc6ff669e2cdcee2391 -> 
  custom:video-decoder-webm-vp8: 9c59270c3fd7afecdb556c50c9e8de78 -> 
  custom:audio-decoder-ogg-vorbis: bf7c407c2cedff20999df2af8eb42d56 -> 
  custom:audio-encoder-webm-vorbis: bf7c407c2cedff20999df2af8eb42d56 -> 
========================================================================
Received Import Request.
  path: Assets/MainMixer.mixer
  artifactKey: Guid(368abafa2951843488442c8eca0ab630) Importer(815301076,1909f56bfc062723c751e8b465ee728b)
Start importing Assets/MainMixer.mixer using Guid(368abafa2951843488442c8eca0ab630) Importer(815301076,1909f56bfc062723c751e8b465ee728b)  -> (artifact id: '30ad75eb038d7e277eefe3c78639363a') in 0.305975 seconds 
  Import took 0.313202 seconds .

========================================================================
Received Import Request.
  Time since last request: 19.295542 seconds.
  path: Assets/Sprites/0.png
  artifactKey: Guid(f203afebcef1f40c69b75d3a44d4c0b7) Importer(815301076,1909f56bfc062723c751e8b465ee728b)
Start importing Assets/Sprites/0.png using Guid(f203afebcef1f40c69b75d3a44d4c0b7) Importer(815301076,1909f56bfc062723c751e8b465ee728b)  -> (artifact id: '8897855ba5b7b151ffd9dd4897a9335a') in 0.611921 seconds 
  Import took 0.620736 seconds .

========================================================================
Received Import Request.
  Time since last request: 0.000305 seconds.
  path: Assets/Sprites/gear_2.png
  artifactKey: Guid(c0e5664713e294857ae85edbf0ac296a) Importer(815301076,1909f56bfc062723c751e8b465ee728b)
Start importing Assets/Sprites/gear_2.png using Guid(c0e5664713e294857ae85edbf0ac296a) Importer(815301076,1909f56bfc062723c751e8b465ee728b)  -> (artifact id: '1fa06bb36df31b3ba77f1eb4b9fcf988') in 0.020813 seconds 
  Import took 0.024457 seconds .

========================================================================
Received Import Request.
  Time since last request: 0.000251 seconds.
  path: Assets/Sprites/8.png
  artifactKey: Guid(5840111ab214d45ef82bbcfa1790b4b3) Importer(815301076,1909f56bfc062723c751e8b465ee728b)
Start importing Assets/Sprites/8.png using Guid(5840111ab214d45ef82bbcfa1790b4b3) Importer(815301076,1909f56bfc062723c751e8b465ee728b)  -> (artifact id: '21b8d3f0020dc54d976ffb2edce264e8') in 0.024430 seconds 
  Import took 0.028324 seconds .

========================================================================
Received Import Request.
  Time since last request: 0.000241 seconds.
  path: Assets/Sprites/basicBar.png
  artifactKey: Guid(2154793fff5e0417aa7ba02fc7e8d039) Importer(815301076,1909f56bfc062723c751e8b465ee728b)
Start importing Assets/Sprites/basicBar.png using Guid(2154793fff5e0417aa7ba02fc7e8d039) Importer(815301076,1909f56bfc062723c751e8b465ee728b)  -> (artifact id: 'c3dade829bc1b5770449a23ce4dc87f7') in 0.008879 seconds 
  Import took 0.013379 seconds .

========================================================================
Received Import Request.
  Time since last request: 0.000259 seconds.
  path: Assets/Sprites/meadow.png
  artifactKey: Guid(52b8ab2af92d64d12bc07ee03983fc0a) Importer(815301076,1909f56bfc062723c751e8b465ee728b)
Start importing Assets/Sprites/meadow.png using Guid(52b8ab2af92d64d12bc07ee03983fc0a) Importer(815301076,1909f56bfc062723c751e8b465ee728b)  -> (artifact id: '4df32ec936f68b2005b847d4220b0eb3') in 0.014624 seconds 
  Import took 0.018620 seconds .

========================================================================
Received Import Request.
  Time since last request: 0.000250 seconds.
  path: Assets/Sprites/1.png
  artifactKey: Guid(ba69c3174d3f44dc498867787a36e407) Importer(815301076,1909f56bfc062723c751e8b465ee728b)
Start importing Assets/Sprites/1.png using Guid(ba69c3174d3f44dc498867787a36e407) Importer(815301076,1909f56bfc062723c751e8b465ee728b)  -> (artifact id: 'eb8102ebef8f6f5af7f6dff80d61ad06') in 0.013196 seconds 
  Import took 0.017258 seconds .

========================================================================
Received Import Request.
  Time since last request: 0.000247 seconds.
  path: Assets/Sprites/3.png
  artifactKey: Guid(f5d791767b8374ee2b029825a1e3b2d4) Importer(815301076,1909f56bfc062723c751e8b465ee728b)
Start importing Assets/Sprites/3.png using Guid(f5d791767b8374ee2b029825a1e3b2d4) Importer(815301076,1909f56bfc062723c751e8b465ee728b)  -> (artifact id: 'aace981cd13ac1e2a8c3ae6edcf691f3') in 0.011830 seconds 
  Import took 0.015730 seconds .

========================================================================
Received Import Request.
  Time since last request: 0.000249 seconds.
  path: Assets/Sprites/7.png
  artifactKey: Guid(049004434410a40a79179bcaeed987c8) Importer(815301076,1909f56bfc062723c751e8b465ee728b)
Start importing Assets/Sprites/7.png using Guid(049004434410a40a79179bcaeed987c8) Importer(815301076,1909f56bfc062723c751e8b465ee728b)  -> (artifact id: 'c53cd5ac875408bc5c49294643b0827a') in 0.014169 seconds 
  Import took 0.018780 seconds .

========================================================================
Received Import Request.
  Time since last request: 0.000403 seconds.
  path: Assets/Sprites/gear_1.png
  artifactKey: Guid(5c7eb7c449c304ec290984237e7676ee) Importer(815301076,1909f56bfc062723c751e8b465ee728b)
Start importing Assets/Sprites/gear_1.png using Guid(5c7eb7c449c304ec290984237e7676ee) Importer(815301076,1909f56bfc062723c751e8b465ee728b)  -> (artifact id: 'b8c9096a4a0b96977620c4f9efe1c53c') in 0.019242 seconds 
  Import took 0.023483 seconds .

========================================================================
Received Import Request.
  Time since last request: 0.000277 seconds.
  path: Assets/Sprites/4.png
  artifactKey: Guid(eb9be653bb46d41e090709c51397d8e5) Importer(815301076,1909f56bfc062723c751e8b465ee728b)
Start importing Assets/Sprites/4.png using Guid(eb9be653bb46d41e090709c51397d8e5) Importer(815301076,1909f56bfc062723c751e8b465ee728b)  -> (artifact id: '8c298246840c479f09bcda5aebeefec2') in 0.014149 seconds 
  Import took 0.017981 seconds .

========================================================================
Received Import Request.
  Time since last request: 0.000236 seconds.
  path: Assets/Sprites/rockChip.png
  artifactKey: Guid(3b75c7fb6a784414996d527ed36fd9f4) Importer(815301076,1909f56bfc062723c751e8b465ee728b)
Start importing Assets/Sprites/rockChip.png using Guid(3b75c7fb6a784414996d527ed36fd9f4) Importer(815301076,1909f56bfc062723c751e8b465ee728b)  -> (artifact id: '905eedade74e86b5d4c1fadbb9abb4f9') in 0.013802 seconds 
  Import took 0.017410 seconds .

========================================================================
Received Import Request.
  Time since last request: 0.000250 seconds.
  path: Assets/Sprites/5.png
  artifactKey: Guid(1eb8a8decfe394795b98ecf97158edfb) Importer(815301076,1909f56bfc062723c751e8b465ee728b)
Start importing Assets/Sprites/5.png using Guid(1eb8a8decfe394795b98ecf97158edfb) Importer(815301076,1909f56bfc062723c751e8b465ee728b)  -> (artifact id: '31591b47469461c582af9b3ce5e0f463') in 0.014248 seconds 
  Import took 0.018610 seconds .

========================================================================
Received Import Request.
  Time since last request: 0.000223 seconds.
  path: Assets/Sprites/coin.png
  artifactKey: Guid(ee5f0fba9421c4b4f9b338a8fa77c638) Importer(815301076,1909f56bfc062723c751e8b465ee728b)
Start importing Assets/Sprites/coin.png using Guid(ee5f0fba9421c4b4f9b338a8fa77c638) Importer(815301076,1909f56bfc062723c751e8b465ee728b)  -> (artifact id: '5b731c371668d64d922bbd0ecf2ab61f') in 0.013289 seconds 
  Import took 0.019157 seconds .

========================================================================
Received Import Request.
  Time since last request: 0.000366 seconds.
  path: Assets/Sprites/rockChip_0.png
  artifactKey: Guid(96958618aee154e4389c84c6accf5b76) Importer(815301076,1909f56bfc062723c751e8b465ee728b)
Start importing Assets/Sprites/rockChip_0.png using Guid(96958618aee154e4389c84c6accf5b76) Importer(815301076,1909f56bfc062723c751e8b465ee728b)  -> (artifact id: 'f7fe003123db251b5cb108eb762cb5c8') in 0.011186 seconds 
  Import took 0.017522 seconds .

========================================================================
Received Import Request.
  Time since last request: 0.000308 seconds.
  path: Assets/Sprites/6.png
  artifactKey: Guid(aa8bd055e7a8b44e495754e7dae6b8f6) Importer(815301076,1909f56bfc062723c751e8b465ee728b)
Start importing Assets/Sprites/6.png using Guid(aa8bd055e7a8b44e495754e7dae6b8f6) Importer(815301076,1909f56bfc062723c751e8b465ee728b)  -> (artifact id: 'f10dd351801a0ae0a648ce0378b6a7f3') in 0.011953 seconds 
  Import took 0.017189 seconds .

========================================================================
Received Import Request.
  Time since last request: 0.000435 seconds.
  path: Assets/Sprites/rock.png
  artifactKey: Guid(873a04ef53c904e88801b7e5f3683be1) Importer(815301076,1909f56bfc062723c751e8b465ee728b)
Start importing Assets/Sprites/rock.png using Guid(873a04ef53c904e88801b7e5f3683be1) Importer(815301076,1909f56bfc062723c751e8b465ee728b)  -> (artifact id: 'f31b111414b60b05e43e05f387c7f747') in 0.014207 seconds 
  Import took 0.018238 seconds .

========================================================================
Received Import Request.
  Time since last request: 0.000221 seconds.
  path: Assets/Sprites/9.png
  artifactKey: Guid(a822126562824418486e6a844d99739d) Importer(815301076,1909f56bfc062723c751e8b465ee728b)
Start importing Assets/Sprites/9.png using Guid(a822126562824418486e6a844d99739d) Importer(815301076,1909f56bfc062723c751e8b465ee728b)  -> (artifact id: 'd5797941c2d5e09c872e5d7b768afb0b') in 0.012082 seconds 
  Import took 0.015854 seconds .

========================================================================
Received Import Request.
  Time since last request: 0.000246 seconds.
  path: Assets/Sprites/2.png
  artifactKey: Guid(53171776b787945e990ef7f8c9d00896) Importer(815301076,1909f56bfc062723c751e8b465ee728b)
Start importing Assets/Sprites/2.png using Guid(53171776b787945e990ef7f8c9d00896) Importer(815301076,1909f56bfc062723c751e8b465ee728b)  -> (artifact id: 'a5bf98bfced23bcfcdd4cf6f7caa4d8f') in 0.012578 seconds 
  Import took 0.016300 seconds .

========================================================================
Received Import Request.
  Time since last request: 0.000254 seconds.
  path: Assets/Sprites/gear_0.png
  artifactKey: Guid(10fee15b106694c0dbc09ff8cb792cd1) Importer(815301076,1909f56bfc062723c751e8b465ee728b)
Start importing Assets/Sprites/gear_0.png using Guid(10fee15b106694c0dbc09ff8cb792cd1) Importer(815301076,1909f56bfc062723c751e8b465ee728b)  -> (artifact id: 'f3f32d2cf9ac70d561db522f8583b8aa') in 0.013109 seconds 
  Import took 0.016500 seconds .

========================================================================
Received Import Request.
  Time since last request: 0.000272 seconds.
  path: Assets/Sprites/gear_3.png
  artifactKey: Guid(5a9e57fe815d3453991a395239e22602) Importer(815301076,1909f56bfc062723c751e8b465ee728b)
Start importing Assets/Sprites/gear_3.png using Guid(5a9e57fe815d3453991a395239e22602) Importer(815301076,1909f56bfc062723c751e8b465ee728b)  -> (artifact id: 'e688d55236fbfbbffd84e08e3f815508') in 0.017212 seconds 
  Import took 0.021065 seconds .

========================================================================
Received Import Request.
  Time since last request: 0.000268 seconds.
  path: Assets/Sprites/redCircle.png
  artifactKey: Guid(c26a526b28ecc442bba3fdb0b1726b7c) Importer(815301076,1909f56bfc062723c751e8b465ee728b)
Start importing Assets/Sprites/redCircle.png using Guid(c26a526b28ecc442bba3fdb0b1726b7c) Importer(815301076,1909f56bfc062723c751e8b465ee728b)  -> (artifact id: 'b42bc83a30d1f8aaeadca908b2654a76') in 0.020703 seconds 
  Import took 0.025447 seconds .

========================================================================
Received Import Request.
  Time since last request: 2.536433 seconds.
  path: Assets/Scenes/Main.unity
  artifactKey: Guid(081b2677bf6f04ab19fc0ae46a6795bb) Importer(815301076,1909f56bfc062723c751e8b465ee728b)
Start importing Assets/Scenes/Main.unity using Guid(081b2677bf6f04ab19fc0ae46a6795bb) Importer(815301076,1909f56bfc062723c751e8b465ee728b)  -> (artifact id: '3941445a8335f6bf96b336bf5a3983dc') in 0.001449 seconds 
  Import took 0.005256 seconds .

========================================================================
Received Prepare
Registering precompiled user dll's ...
Registered in 0.012514 seconds.
Begin MonoManager ReloadAssembly
Native extension for OSXStandalone target not found
Refreshing native plugins compatible for Editor in 0.74 ms, found 3 plugins.
Preloading 0 native plugins for Editor in 0.00 ms.
Mono: successfully reloaded assembly
- Completed reload, in  2.580 seconds
Domain Reload Profiling:
	ReloadAssembly (2582ms)
		BeginReloadAssembly (289ms)
			ExecutionOrderSort (0ms)
			DisableScriptedObjects (17ms)
			BackupInstance (0ms)
			ReleaseScriptingObjects (0ms)
			CreateAndSetChildDomain (145ms)
		EndReloadAssembly (2145ms)
			LoadAssemblies (220ms)
			RebuildTransferFunctionScriptingTraits (0ms)
			SetupTypeCache (808ms)
			ReleaseScriptCaches (1ms)
			RebuildScriptCaches (126ms)
			SetupLoadedEditorAssemblies (722ms)
				LogAssemblyErrors (0ms)
				InitializePlatformSupportModulesInManaged (11ms)
				SetLoadedEditorAssemblies (1ms)
				RefreshPlugins (1ms)
				BeforeProcessingInitializeOnLoad (230ms)
				ProcessInitializeOnLoadAttributes (448ms)
				ProcessInitializeOnLoadMethodAttributes (28ms)
				AfterProcessingInitializeOnLoad (3ms)
				EditorAssembliesLoaded (0ms)
			ExecutionOrderSort2 (0ms)
			AwakeInstancesAfterBackupRestoration (20ms)
Platform modules already initialized, skipping
Refreshing native plugins compatible for Editor in 0.76 ms, found 3 plugins.
Preloading 0 native plugins for Editor in 0.00 ms.
Unloading 2192 Unused Serialized files (Serialized files now loaded: 0)
System memory in use before: 201.7 MB.
System memory in use after: 201.8 MB.

Unloading 18 unused Assets to reduce memory usage. Loaded Objects now: 2713.
Total: 5.364728 ms (FindLiveObjects: 0.355964 ms CreateObjectMapping: 0.145545 ms MarkObjects: 4.834574 ms  DeleteObjects: 0.027093 ms)

AssetImportParameters requested are different than current active one (requested -> active):
  custom:video-decoder-ogg-theora: a1e56fd34408186e4bbccfd4996cb3dc -> 
  custom:container-muxer-webm: aa71ff27fc2769a1b78a27578f13a17b -> 
  custom:container-demuxer-webm: 4f35f7cbe854078d1ac9338744f61a02 -> 
  custom:container-demuxer-ogg: 62fdf1f143b41e24485cea50d1cbac27 -> 
  custom:video-encoder-webm-vp8: eb34c28f22e8b96e1ab97ce403110664 -> 
  custom:framework-osx-AVFoundation: b23960f63f64bdc6ff669e2cdcee2391 -> 
  custom:video-decoder-webm-vp8: 9c59270c3fd7afecdb556c50c9e8de78 -> 
  custom:audio-decoder-ogg-vorbis: bf7c407c2cedff20999df2af8eb42d56 -> 
  custom:audio-encoder-webm-vorbis: bf7c407c2cedff20999df2af8eb42d56 -> 
AssetImportWorkerClient::OnTransportError - code=2 error=End of file
