
=== Fri Dec  3 11:29:17 2021

Packages were changed.
Update Mode: updateDependencies

The following packages were updated:
  com.unity.2d.animation from version 5.0.7 to 5.0.9
  com.unity.2d.psdimporter from version 4.1.0 to 4.1.2
  com.unity.2d.spriteshape from version 5.1.4 to 5.1.6
  com.unity.collab-proxy from version 1.7.1 to 1.15.4
  com.unity.ide.visualstudio from version 2.0.11 to 2.0.12
  com.unity.ide.vscode from version 1.2.3 to 1.2.4
  com.unity.test-framework from version 1.1.27 to 1.1.29

=== Fri Dec  3 13:46:31 2021

Packages were changed.
Update Mode: updateDependencies

The following packages were updated:
  com.unity.2d.animation from version 5.0.7 to 5.0.9
  com.unity.2d.psdimporter from version 4.1.0 to 4.1.2
  com.unity.2d.spriteshape from version 5.1.4 to 5.1.6
  com.unity.collab-proxy from version 1.7.1 to 1.15.4
  com.unity.ide.visualstudio from version 2.0.11 to 2.0.12
  com.unity.ide.vscode from version 1.2.3 to 1.2.4
  com.unity.test-framework from version 1.1.27 to 1.1.29
